# JRE version: OpenJDK Runtime Environment (8.0_292-b10) (build 1.8.0_292-b10)
# Java VM: OpenJDK 64-Bit Server VM (25.292-b10 mixed mode bsd-amd64 compressed oops)
Heap:
 PSYoungGen      total 127488K, used 61204K [0x000000076ab00000, 0x00000007bc100000, 0x00000007c0000000)
  eden space 126976K, 48% used [0x000000076ab00000,0x000000076e6852f0,0x0000000772700000)
  from space 512K, 50% used [0x00000007bc000000,0x00000007bc040000,0x00000007bc080000)
  to   space 512K, 0% used [0x00000007bc080000,0x00000007bc080000,0x00000007bc100000)
 ParOldGen       total 175104K, used 3538K [0x00000006c0000000, 0x00000006cab00000, 0x000000076ab00000)
  object space 175104K, 2% used [0x00000006c0000000,0x00000006c0374a50,0x00000006cab00000)
 Metaspace       used 11521K, capacity 11806K, committed 11904K, reserved 1060864K
  class space    used 1280K, capacity 1367K, committed 1408K, reserved 1048576K
GC Heap History (10 events):
Event: 66.138 GC heap before
{Heap before GC invocations=533 (full 0):
 PSYoungGen      total 96768K, used 96576K [0x000000076ab00000, 0x00000007bc100000, 0x00000007c0000000)
  eden space 96256K, 100% used [0x000000076ab00000,0x0000000770900000,0x0000000770900000)
  from space 512K, 62% used [0x00000007bc080000,0x00000007bc0d0000,0x00000007bc100000)
  to   space 512K, 0% used [0x00000007bc000000,0x00000007bc000000,0x00000007bc080000)
 ParOldGen       total 175104K, used 3538K [0x00000006c0000000, 0x00000006cab00000, 0x000000076ab00000)
  object space 175104K, 2% used [0x00000006c0000000,0x00000006c0374a50,0x00000006cab00000)
 Metaspace       used 11506K, capacity 11806K, committed 11904K, reserved 1060864K
  class space    used 1277K, capacity 1367K, committed 1408K, reserved 1048576K
Event: 66.139 GC heap after
Heap after GC invocations=533 (full 0):
 PSYoungGen      total 94208K, used 320K [0x000000076ab00000, 0x00000007bc100000, 0x00000007c0000000)
  eden space 93696K, 0% used [0x000000076ab00000,0x000000076ab00000,0x0000000770680000)
  from space 512K, 62% used [0x00000007bc000000,0x00000007bc050000,0x00000007bc080000)
  to   space 512K, 0% used [0x00000007bc080000,0x00000007bc080000,0x00000007bc100000)
 ParOldGen       total 175104K, used 3538K [0x00000006c0000000, 0x00000006cab00000, 0x000000076ab00000)
  object space 175104K, 2% used [0x00000006c0000000,0x00000006c0374a50,0x00000006cab00000)
 Metaspace       used 11506K, capacity 11806K, committed 11904K, reserved 1060864K
  class space    used 1277K, capacity 1367K, committed 1408K, reserved 1048576K
}
Event: 66.202 GC heap before
{Heap before GC invocations=534 (full 0):
 PSYoungGen      total 94208K, used 94016K [0x000000076ab00000, 0x00000007bc100000, 0x00000007c0000000)
  eden space 93696K, 100% used [0x000000076ab00000,0x0000000770680000,0x0000000770680000)
  from space 512K, 62% used [0x00000007bc000000,0x00000007bc050000,0x00000007bc080000)
  to   space 512K, 0% used [0x00000007bc080000,0x00000007bc080000,0x00000007bc100000)
 ParOldGen       total 175104K, used 3538K [0x00000006c0000000, 0x00000006cab00000, 0x000000076ab00000)
  object space 175104K, 2% used [0x00000006c0000000,0x00000006c0374a50,0x00000006cab00000)
 Metaspace       used 11506K, capacity 11806K, committed 11904K, reserved 1060864K
  class space    used 1277K, capacity 1367K, committed 1408K, reserved 1048576K
Event: 66.203 GC heap after
Heap after GC invocations=534 (full 0):
 PSYoungGen      total 113152K, used 320K [0x000000076ab00000, 0x00000007bc100000, 0x00000007c0000000)
  eden space 112640K, 0% used [0x000000076ab00000,0x000000076ab00000,0x0000000771900000)
  from space 512K, 62% used [0x00000007bc080000,0x00000007bc0d0000,0x00000007bc100000)
  to   space 512K, 0% used [0x00000007bc000000,0x00000007bc000000,0x00000007bc080000)
 ParOldGen       total 175104K, used 3538K [0x00000006c0000000, 0x00000006cab00000, 0x000000076ab00000)
  object space 175104K, 2% used [0x00000006c0000000,0x00000006c0374a50,0x00000006cab00000)
 Metaspace       used 11506K, capacity 11806K, committed 11904K, reserved 1060864K
  class space    used 1277K, capacity 1367K, committed 1408K, reserved 1048576K
}
Event: 66.280 GC heap before
{Heap before GC invocations=535 (full 0):
 PSYoungGen      total 113152K, used 112960K [0x000000076ab00000, 0x00000007bc100000, 0x00000007c0000000)
  eden space 112640K, 100% used [0x000000076ab00000,0x0000000771900000,0x0000000771900000)
  from space 512K, 62% used [0x00000007bc080000,0x00000007bc0d0000,0x00000007bc100000)
  to   space 512K, 0% used [0x00000007bc000000,0x00000007bc000000,0x00000007bc080000)
 ParOldGen       total 175104K, used 3538K [0x00000006c0000000, 0x00000006cab00000, 0x000000076ab00000)
  object space 175104K, 2% used [0x00000006c0000000,0x00000006c0374a50,0x00000006cab00000)
 Metaspace       used 11506K, capacity 11806K, committed 11904K, reserved 1060864K
  class space    used 1277K, capacity 1367K, committed 1408K, reserved 1048576K
Event: 66.281 GC heap after
Heap after GC invocations=535 (full 0):
 PSYoungGen      total 135680K, used 320K [0x000000076ab00000, 0x00000007bc100000, 0x00000007c0000000)
  eden space 135168K, 0% used [0x000000076ab00000,0x000000076ab00000,0x0000000772f00000)
  from space 512K, 62% used [0x00000007bc000000,0x00000007bc050000,0x00000007bc080000)
  to   space 512K, 0% used [0x00000007bc080000,0x00000007bc080000,0x00000007bc100000)
 ParOldGen       total 175104K, used 3538K [0x00000006c0000000, 0x00000006cab00000, 0x000000076ab00000)
  object space 175104K, 2% used [0x00000006c0000000,0x00000006c0374a50,0x00000006cab00000)
 Metaspace       used 11506K, capacity 11806K, committed 11904K, reserved 1060864K
  class space    used 1277K, capacity 1367K, committed 1408K, reserved 1048576K
}
Event: 66.377 GC heap before
{Heap before GC invocations=536 (full 0):
 PSYoungGen      total 135680K, used 135488K [0x000000076ab00000, 0x00000007bc100000, 0x00000007c0000000)
  eden space 135168K, 100% used [0x000000076ab00000,0x0000000772f00000,0x0000000772f00000)
  from space 512K, 62% used [0x00000007bc000000,0x00000007bc050000,0x00000007bc080000)
  to   space 512K, 0% used [0x00000007bc080000,0x00000007bc080000,0x00000007bc100000)
 ParOldGen       total 175104K, used 3538K [0x00000006c0000000, 0x00000006cab00000, 0x000000076ab00000)
  object space 175104K, 2% used [0x00000006c0000000,0x00000006c0374a50,0x00000006cab00000)
 Metaspace       used 11506K, capacity 11806K, committed 11904K, reserved 1060864K
  class space    used 1277K, capacity 1367K, committed 1408K, reserved 1048576K
Event: 66.378 GC heap after
Heap after GC invocations=536 (full 0):
 PSYoungGen      total 131584K, used 320K [0x000000076ab00000, 0x00000007bc100000, 0x00000007c0000000)
  eden space 131072K, 0% used [0x000000076ab00000,0x000000076ab00000,0x0000000772b00000)
  from space 512K, 62% used [0x00000007bc080000,0x00000007bc0d0000,0x00000007bc100000)
  to   space 512K, 0% used [0x00000007bc000000,0x00000007bc000000,0x00000007bc080000)
 ParOldGen       total 175104K, used 3538K [0x00000006c0000000, 0x00000006cab00000, 0x000000076ab00000)
  object space 175104K, 2% used [0x00000006c0000000,0x00000006c0374a50,0x00000006cab00000)
 Metaspace       used 11506K, capacity 11806K, committed 11904K, reserved 1060864K
  class space    used 1277K, capacity 1367K, committed 1408K, reserved 1048576K
}
Event: 66.471 GC heap before
{Heap before GC invocations=537 (full 0):
 PSYoungGen      total 131584K, used 131392K [0x000000076ab00000, 0x00000007bc100000, 0x00000007c0000000)
  eden space 131072K, 100% used [0x000000076ab00000,0x0000000772b00000,0x0000000772b00000)
  from space 512K, 62% used [0x00000007bc080000,0x00000007bc0d0000,0x00000007bc100000)
  to   space 512K, 0% used [0x00000007bc000000,0x00000007bc000000,0x00000007bc080000)
 ParOldGen       total 175104K, used 3538K [0x00000006c0000000, 0x00000006cab00000, 0x000000076ab00000)
  object space 175104K, 2% used [0x00000006c0000000,0x00000006c0374a50,0x00000006cab00000)
 Metaspace       used 11506K, capacity 11806K, committed 11904K, reserved 1060864K
  class space    used 1277K, capacity 1367K, committed 1408K, reserved 1048576K
Event: 66.472 GC heap after
Heap after GC invocations=537 (full 0):
 PSYoungGen      total 127488K, used 256K [0x000000076ab00000, 0x00000007bc100000, 0x00000007c0000000)
  eden space 126976K, 0% used [0x000000076ab00000,0x000000076ab00000,0x0000000772700000)
  from space 512K, 50% used [0x00000007bc000000,0x00000007bc040000,0x00000007bc080000)
  to   space 512K, 0% used [0x00000007bc080000,0x00000007bc080000,0x00000007bc100000)
 ParOldGen       total 175104K, used 3538K [0x00000006c0000000, 0x00000006cab00000, 0x000000076ab00000)
  object space 175104K, 2% used [0x00000006c0000000,0x00000006c0374a50,0x00000006cab00000)
 Metaspace       used 11506K, capacity 11806K, committed 11904K, reserved 1060864K
  class space    used 1277K, capacity 1367K, committed 1408K, reserved 1048576K
}

